<?xml version="1.0" encoding="UTF-8"?>
<!-- Generated by org.testng.reporters.JUnitReportReporter -->
<testsuite skipped="0" hostname="LT-27960A" name="testCases.TC002_SignUp_FaceBook" tests="1" failures="0" timestamp="26 Dec 2017 12:21:39 GMT" time="22.550" errors="0">
  <testcase name="join_Facebook" time="22.550" classname="testCases.TC002_SignUp_FaceBook"/>
</testsuite> <!-- testCases.TC002_SignUp_FaceBook -->
